<?xml version="1.0" encoding="UTF-8"?>
<!-- Generated by org.testng.reporters.JUnitReportReporter -->
<testsuite hostname="YP1009711DT" failures="0" tests="2" name="testCase.LoginAndCreateNewCustomer" time="4.172" errors="0" timestamp="22 Aug 2019 12:20:55 GMT" skipped="0">
  <testcase classname="testCase.LoginAndCreateNewCustomer" name="createNewCustomer" time="2.128"/>
  <testcase classname="testCase.LoginAndCreateNewCustomer" name="enterValidData" time="2.044"/>
</testsuite> <!-- testCase.LoginAndCreateNewCustomer -->
