<?xml version="1.0" encoding="UTF-8"?>
<!-- Generated by org.testng.reporters.JUnitReportReporter -->
<testsuite hostname="YP1009711DT" failures="0" tests="1" name="testCase.LoginWithValidCredentials" time="1.714" errors="0" timestamp="22 Aug 2019 11:38:32 GMT" skipped="0">
  <testcase classname="testCase.LoginWithValidCredentials" name="loginToAppllication" time="1.714"/>
</testsuite> <!-- testCase.LoginWithValidCredentials -->
